2018-03-07 16:46:39.881  INFO 12052 --- [main] com.kgisl.logback.LogbackApplication     : Starting LogbackApplication on 3FTRN430 with PID 12052 (D:\akshaya\logback\target\classes started by trainee in D:\akshaya\logback)
2018-03-07 16:46:39.897 DEBUG 12052 --- [main] com.kgisl.logback.LogbackApplication     : Running with Spring Boot v2.0.0.RELEASE, Spring v5.0.4.RELEASE
2018-03-07 16:46:39.897  INFO 12052 --- [main] com.kgisl.logback.LogbackApplication     : No active profile set, falling back to default profiles: default
2018-03-07 16:46:40.925  INFO 12052 --- [main] o.apache.catalina.core.StandardService   : Starting service [Tomcat]
2018-03-07 16:46:40.926  INFO 12052 --- [main] org.apache.catalina.core.StandardEngine  : Starting Servlet Engine: Apache Tomcat/8.5.28
2018-03-07 16:46:40.936  INFO 12052 --- [localhost-startStop-1] o.a.catalina.core.AprLifecycleListener   : The APR based Apache Tomcat Native library which allows optimal performance in production environments was not found on the java.library.path: [C:\Program Files\Java\jdk1.8.0_112\bin;C:\Windows\Sun\Java\bin;C:\Windows\system32;C:\Windows;C:\Users\trainee\AppData\Roaming\npm;C:\Program Files\nodejs\;C:\ProgramData\Oracle\Java\javapath;C:\Program Files\ImageMagick-7.0.3-Q8;C:\Program Files\ImageMagick-7.0.3-Q16;D:\app\admin\product\11.1.0\client_1\bin;C:\Windows\system32;C:\Windows;C:\Windows\System32\Wbem;C:\Windows\System32\WindowsPowerShell\v1.0\;C:\Program Files\TortoiseSVN\bin;C:\Tesserct-OCR;C:\Program Files\Java\jdk1.8.0_112\bin;D:\apache-maven-3.5.0\bin;C:\Program Files\nodejs\;C:\ProgramData\Oracle\Java\javapath;C:\Program Files\ImageMagick-7.0.3-Q8;C:\Program Files\ImageMagick-7.0.3-Q16;D:\app\admin\product\11.1.0\client_1\bin;C:\Windows\system32;C:\Windows;C:\Windows\System32\Wbem;C:\Windows\System32\WindowsPowerShell\v1.0\;C:\Program Files\TortoiseSVN\bin;C:\Tesserct-OCR;C:\Program Files\Java\jdk1.8.0_112\bin;D:\apache-maven-3.5.0\bin;C:\Program Files\nodejs\;C:\Users\trainee\AppData\Local\Programs\Git\cmd;.]
2018-03-07 16:46:41.028  INFO 12052 --- [localhost-startStop-1] o.a.c.c.C.[Tomcat].[localhost].[/]       : Initializing Spring embedded WebApplicationContext
2018-03-07 16:46:41.837  INFO 12052 --- [main] com.kgisl.logback.LogbackApplication     : Started LogbackApplication in 12.432 seconds (JVM running for 15.647)
2018-03-07 16:46:41.971  INFO 12052 --- [http-nio-8080-exec-1] o.a.c.c.C.[Tomcat].[localhost].[/]       : Initializing Spring FrameworkServlet 'dispatcherServlet'
2018-03-07 16:46:42.011 DEBUG 12052 --- [http-nio-8080-exec-1] com.kgisl.logback.IndexController        : This is a debug message
2018-03-07 16:46:42.011  INFO 12052 --- [http-nio-8080-exec-1] com.kgisl.logback.IndexController        : This is an info message
2018-03-07 16:46:42.011  WARN 12052 --- [http-nio-8080-exec-1] com.kgisl.logback.IndexController        : This is a warn message
2018-03-07 16:46:42.013 ERROR 12052 --- [http-nio-8080-exec-1] com.kgisl.logback.IndexController        : This is an error message
2018-03-07 16:46:42.014 DEBUG 12052 --- [http-nio-8080-exec-1] com.kgisl.logback.SpringLoggingHelper    : This is a debug message
2018-03-07 16:46:42.014  INFO 12052 --- [http-nio-8080-exec-1] com.kgisl.logback.SpringLoggingHelper    : This is an info message
2018-03-07 16:46:42.014  WARN 12052 --- [http-nio-8080-exec-1] com.kgisl.logback.SpringLoggingHelper    : This is a warn message
2018-03-07 16:46:42.015 ERROR 12052 --- [http-nio-8080-exec-1] com.kgisl.logback.SpringLoggingHelper    : This is an error message
2018-03-07 16:47:32.027  INFO 7596 --- [main] com.kgisl.logback.LogbackApplication     : Starting LogbackApplication on 3FTRN430 with PID 7596 (D:\akshaya\logback\target\classes started by trainee in D:\akshaya\logback)
2018-03-07 16:47:32.042 DEBUG 7596 --- [main] com.kgisl.logback.LogbackApplication     : Running with Spring Boot v2.0.0.RELEASE, Spring v5.0.4.RELEASE
2018-03-07 16:47:32.042  INFO 7596 --- [main] com.kgisl.logback.LogbackApplication     : No active profile set, falling back to default profiles: default
2018-03-07 16:47:33.092  INFO 7596 --- [main] o.apache.catalina.core.StandardService   : Starting service [Tomcat]
2018-03-07 16:47:33.092  INFO 7596 --- [main] org.apache.catalina.core.StandardEngine  : Starting Servlet Engine: Apache Tomcat/8.5.28
2018-03-07 16:47:33.108  INFO 7596 --- [localhost-startStop-1] o.a.catalina.core.AprLifecycleListener   : The APR based Apache Tomcat Native library which allows optimal performance in production environments was not found on the java.library.path: [C:\Program Files\Java\jdk1.8.0_112\bin;C:\Windows\Sun\Java\bin;C:\Windows\system32;C:\Windows;C:\Users\trainee\AppData\Roaming\npm;C:\Program Files\nodejs\;C:\ProgramData\Oracle\Java\javapath;C:\Program Files\ImageMagick-7.0.3-Q8;C:\Program Files\ImageMagick-7.0.3-Q16;D:\app\admin\product\11.1.0\client_1\bin;C:\Windows\system32;C:\Windows;C:\Windows\System32\Wbem;C:\Windows\System32\WindowsPowerShell\v1.0\;C:\Program Files\TortoiseSVN\bin;C:\Tesserct-OCR;C:\Program Files\Java\jdk1.8.0_112\bin;D:\apache-maven-3.5.0\bin;C:\Program Files\nodejs\;C:\ProgramData\Oracle\Java\javapath;C:\Program Files\ImageMagick-7.0.3-Q8;C:\Program Files\ImageMagick-7.0.3-Q16;D:\app\admin\product\11.1.0\client_1\bin;C:\Windows\system32;C:\Windows;C:\Windows\System32\Wbem;C:\Windows\System32\WindowsPowerShell\v1.0\;C:\Program Files\TortoiseSVN\bin;C:\Tesserct-OCR;C:\Program Files\Java\jdk1.8.0_112\bin;D:\apache-maven-3.5.0\bin;C:\Program Files\nodejs\;C:\Users\trainee\AppData\Local\Programs\Git\cmd;.]
2018-03-07 16:47:33.176  INFO 7596 --- [localhost-startStop-1] o.a.c.c.C.[Tomcat].[localhost].[/]       : Initializing Spring embedded WebApplicationContext
2018-03-07 16:47:33.966  INFO 7596 --- [main] com.kgisl.logback.LogbackApplication     : Started LogbackApplication in 2.328 seconds (JVM running for 5.49)
2018-03-07 18:08:51.346  INFO 26596 --- [main] o.apache.catalina.core.StandardService   : Starting service [Tomcat]
2018-03-07 18:08:51.348  INFO 26596 --- [main] org.apache.catalina.core.StandardEngine  : Starting Servlet Engine: Apache Tomcat/8.5.28
2018-03-07 18:08:51.358  INFO 26596 --- [localhost-startStop-1] o.a.catalina.core.AprLifecycleListener   : The APR based Apache Tomcat Native library which allows optimal performance in production environments was not found on the java.library.path: [C:\Program Files\Java\jdk1.8.0_112\bin;C:\Windows\Sun\Java\bin;C:\Windows\system32;C:\Windows;C:\Users\trainee\AppData\Roaming\npm;C:\Program Files\nodejs\;C:\ProgramData\Oracle\Java\javapath;C:\Program Files\ImageMagick-7.0.3-Q8;C:\Program Files\ImageMagick-7.0.3-Q16;D:\app\admin\product\11.1.0\client_1\bin;C:\Windows\system32;C:\Windows;C:\Windows\System32\Wbem;C:\Windows\System32\WindowsPowerShell\v1.0\;C:\Program Files\TortoiseSVN\bin;C:\Tesserct-OCR;C:\Program Files\Java\jdk1.8.0_112\bin;D:\apache-maven-3.5.0\bin;C:\Program Files\nodejs\;C:\ProgramData\Oracle\Java\javapath;C:\Program Files\ImageMagick-7.0.3-Q8;C:\Program Files\ImageMagick-7.0.3-Q16;D:\app\admin\product\11.1.0\client_1\bin;C:\Windows\system32;C:\Windows;C:\Windows\System32\Wbem;C:\Windows\System32\WindowsPowerShell\v1.0\;C:\Program Files\TortoiseSVN\bin;C:\Tesserct-OCR;C:\Program Files\Java\jdk1.8.0_112\bin;D:\apache-maven-3.5.0\bin;C:\Program Files\nodejs\;C:\Users\trainee\AppData\Local\Programs\Git\cmd;.]
2018-03-07 18:08:51.454  INFO 26596 --- [localhost-startStop-1] o.a.c.c.C.[Tomcat].[localhost].[/]       : Initializing Spring embedded WebApplicationContext
2018-03-07 18:09:16.955  INFO 14908 --- [main] o.apache.catalina.core.StandardService   : Starting service [Tomcat]
2018-03-07 18:09:16.958  INFO 14908 --- [main] org.apache.catalina.core.StandardEngine  : Starting Servlet Engine: Apache Tomcat/8.5.28
2018-03-07 18:09:16.967  INFO 14908 --- [localhost-startStop-1] o.a.catalina.core.AprLifecycleListener   : The APR based Apache Tomcat Native library which allows optimal performance in production environments was not found on the java.library.path: [C:\Program Files\Java\jdk1.8.0_112\bin;C:\Windows\Sun\Java\bin;C:\Windows\system32;C:\Windows;C:\Users\trainee\AppData\Roaming\npm;C:\Program Files\nodejs\;C:\ProgramData\Oracle\Java\javapath;C:\Program Files\ImageMagick-7.0.3-Q8;C:\Program Files\ImageMagick-7.0.3-Q16;D:\app\admin\product\11.1.0\client_1\bin;C:\Windows\system32;C:\Windows;C:\Windows\System32\Wbem;C:\Windows\System32\WindowsPowerShell\v1.0\;C:\Program Files\TortoiseSVN\bin;C:\Tesserct-OCR;C:\Program Files\Java\jdk1.8.0_112\bin;D:\apache-maven-3.5.0\bin;C:\Program Files\nodejs\;C:\ProgramData\Oracle\Java\javapath;C:\Program Files\ImageMagick-7.0.3-Q8;C:\Program Files\ImageMagick-7.0.3-Q16;D:\app\admin\product\11.1.0\client_1\bin;C:\Windows\system32;C:\Windows;C:\Windows\System32\Wbem;C:\Windows\System32\WindowsPowerShell\v1.0\;C:\Program Files\TortoiseSVN\bin;C:\Tesserct-OCR;C:\Program Files\Java\jdk1.8.0_112\bin;D:\apache-maven-3.5.0\bin;C:\Program Files\nodejs\;C:\Users\trainee\AppData\Local\Programs\Git\cmd;.]
2018-03-07 18:09:17.076  INFO 14908 --- [localhost-startStop-1] o.a.c.c.C.[Tomcat].[localhost].[/]       : Initializing Spring embedded WebApplicationContext
2018-03-07 18:09:26.320  INFO 14908 --- [http-nio-8080-exec-1] o.a.c.c.C.[Tomcat].[localhost].[/]       : Initializing Spring FrameworkServlet 'dispatcherServlet'
2018-03-07 18:09:26.369  WARN 14908 --- [http-nio-8080-exec-1] com.kgisl.logback.IndexController        : This is a warn message
2018-03-07 18:09:26.369 ERROR 14908 --- [http-nio-8080-exec-1] com.kgisl.logback.IndexController        : This is an error message
2018-03-07 18:09:26.370  WARN 14908 --- [http-nio-8080-exec-1] com.kgisl.logback.SpringLoggingHelper    : This is a warn message
2018-03-07 18:09:26.371 ERROR 14908 --- [http-nio-8080-exec-1] com.kgisl.logback.SpringLoggingHelper    : This is an error message
2018-03-07 18:28:38.579 ERROR 21060 --- [main] o.s.b.c.l.LoggingApplicationListener     : Cannot set level: ALL for 'org.springframework'
2018-03-07 18:28:38.749  INFO 21060 --- [main] ConfigServletWebServerApplicationContext : Refreshing org.springframework.boot.web.servlet.context.AnnotationConfigServletWebServerApplicationContext@1061491: startup date [Wed Mar 07 18:28:38 IST 2018]; root of context hierarchy
2018-03-07 18:28:49.679  INFO 21060 --- [main] o.s.b.w.embedded.tomcat.TomcatWebServer  : Tomcat initialized with port(s): 8080 (http)
2018-03-07 18:28:49.704  INFO 21060 --- [main] o.apache.catalina.core.StandardService   : Starting service [Tomcat]
2018-03-07 18:28:49.705  INFO 21060 --- [main] org.apache.catalina.core.StandardEngine  : Starting Servlet Engine: Apache Tomcat/8.5.28
2018-03-07 18:28:49.716  INFO 21060 --- [localhost-startStop-1] o.a.catalina.core.AprLifecycleListener   : The APR based Apache Tomcat Native library which allows optimal performance in production environments was not found on the java.library.path: [C:\Program Files\Java\jdk1.8.0_112\bin;C:\Windows\Sun\Java\bin;C:\Windows\system32;C:\Windows;C:\Users\trainee\AppData\Roaming\npm;C:\Program Files\nodejs\;C:\ProgramData\Oracle\Java\javapath;C:\Program Files\ImageMagick-7.0.3-Q8;C:\Program Files\ImageMagick-7.0.3-Q16;D:\app\admin\product\11.1.0\client_1\bin;C:\Windows\system32;C:\Windows;C:\Windows\System32\Wbem;C:\Windows\System32\WindowsPowerShell\v1.0\;C:\Program Files\TortoiseSVN\bin;C:\Tesserct-OCR;C:\Program Files\Java\jdk1.8.0_112\bin;D:\apache-maven-3.5.0\bin;C:\Program Files\nodejs\;C:\ProgramData\Oracle\Java\javapath;C:\Program Files\ImageMagick-7.0.3-Q8;C:\Program Files\ImageMagick-7.0.3-Q16;D:\app\admin\product\11.1.0\client_1\bin;C:\Windows\system32;C:\Windows;C:\Windows\System32\Wbem;C:\Windows\System32\WindowsPowerShell\v1.0\;C:\Program Files\TortoiseSVN\bin;C:\Tesserct-OCR;C:\Program Files\Java\jdk1.8.0_112\bin;D:\apache-maven-3.5.0\bin;C:\Program Files\nodejs\;C:\Users\trainee\AppData\Local\Programs\Git\cmd;.]
2018-03-07 18:28:49.816  INFO 21060 --- [localhost-startStop-1] o.a.c.c.C.[Tomcat].[localhost].[/]       : Initializing Spring embedded WebApplicationContext
2018-03-07 18:28:49.816  INFO 21060 --- [localhost-startStop-1] o.s.web.context.ContextLoader            : Root WebApplicationContext: initialization completed in 11067 ms
2018-03-07 18:28:49.934  INFO 21060 --- [localhost-startStop-1] o.s.b.w.servlet.ServletRegistrationBean  : Servlet dispatcherServlet mapped to [/]
2018-03-07 18:28:49.937  INFO 21060 --- [localhost-startStop-1] o.s.b.w.servlet.FilterRegistrationBean   : Mapping filter: 'characterEncodingFilter' to: [/*]
2018-03-07 18:28:49.938  INFO 21060 --- [localhost-startStop-1] o.s.b.w.servlet.FilterRegistrationBean   : Mapping filter: 'hiddenHttpMethodFilter' to: [/*]
2018-03-07 18:28:49.938  INFO 21060 --- [localhost-startStop-1] o.s.b.w.servlet.FilterRegistrationBean   : Mapping filter: 'httpPutFormContentFilter' to: [/*]
2018-03-07 18:28:49.938  INFO 21060 --- [localhost-startStop-1] o.s.b.w.servlet.FilterRegistrationBean   : Mapping filter: 'requestContextFilter' to: [/*]
2018-03-07 18:28:50.290  INFO 21060 --- [main] s.w.s.m.m.a.RequestMappingHandlerAdapter : Looking for @ControllerAdvice: org.springframework.boot.web.servlet.context.AnnotationConfigServletWebServerApplicationContext@1061491: startup date [Wed Mar 07 18:28:38 IST 2018]; root of context hierarchy
2018-03-07 18:28:50.364  INFO 21060 --- [main] s.w.s.m.m.a.RequestMappingHandlerMapping : Mapped "{[/]}" onto java.lang.String com.kgisl.logback.IndexController.index()
2018-03-07 18:28:50.370  INFO 21060 --- [main] s.w.s.m.m.a.RequestMappingHandlerMapping : Mapped "{[/error]}" onto public org.springframework.http.ResponseEntity<java.util.Map<java.lang.String, java.lang.Object>> org.springframework.boot.autoconfigure.web.servlet.error.BasicErrorController.error(javax.servlet.http.HttpServletRequest)
2018-03-07 18:28:50.372  INFO 21060 --- [main] s.w.s.m.m.a.RequestMappingHandlerMapping : Mapped "{[/error],produces=[text/html]}" onto public org.springframework.web.servlet.ModelAndView org.springframework.boot.autoconfigure.web.servlet.error.BasicErrorController.errorHtml(javax.servlet.http.HttpServletRequest,javax.servlet.http.HttpServletResponse)
2018-03-07 18:28:50.402  INFO 21060 --- [main] o.s.w.s.handler.SimpleUrlHandlerMapping  : Mapped URL path [/webjars/**] onto handler of type [class org.springframework.web.servlet.resource.ResourceHttpRequestHandler]
2018-03-07 18:28:50.403  INFO 21060 --- [main] o.s.w.s.handler.SimpleUrlHandlerMapping  : Mapped URL path [/**] onto handler of type [class org.springframework.web.servlet.resource.ResourceHttpRequestHandler]
2018-03-07 18:28:50.440  INFO 21060 --- [main] o.s.w.s.handler.SimpleUrlHandlerMapping  : Mapped URL path [/**/favicon.ico] onto handler of type [class org.springframework.web.servlet.resource.ResourceHttpRequestHandler]
2018-03-07 18:28:50.570  INFO 21060 --- [main] o.s.j.e.a.AnnotationMBeanExporter        : Registering beans for JMX exposure on startup
2018-03-07 18:28:50.607  INFO 21060 --- [main] o.s.b.w.embedded.tomcat.TomcatWebServer  : Tomcat started on port(s): 8080 (http) with context path ''
2018-03-07 18:29:09.291  INFO 21060 --- [http-nio-8080-exec-1] o.a.c.c.C.[Tomcat].[localhost].[/]       : Initializing Spring FrameworkServlet 'dispatcherServlet'
2018-03-07 18:29:09.292  INFO 21060 --- [http-nio-8080-exec-1] o.s.web.servlet.DispatcherServlet        : FrameworkServlet 'dispatcherServlet': initialization started
2018-03-07 18:29:09.307  INFO 21060 --- [http-nio-8080-exec-1] o.s.web.servlet.DispatcherServlet        : FrameworkServlet 'dispatcherServlet': initialization completed in 15 ms
2018-03-07 18:29:09.332  WARN 21060 --- [http-nio-8080-exec-1] com.kgisl.logback.IndexController        : This is a warn message
2018-03-07 18:29:09.333 ERROR 21060 --- [http-nio-8080-exec-1] com.kgisl.logback.IndexController        : This is an error message
2018-03-07 18:29:09.334  WARN 21060 --- [http-nio-8080-exec-1] com.kgisl.logback.SpringLoggingHelper    : This is a warn message
2018-03-07 18:29:09.334 ERROR 21060 --- [http-nio-8080-exec-1] com.kgisl.logback.SpringLoggingHelper    : This is an error message
2018-03-07 18:36:42.403  INFO 21060 --- [Thread-3] ConfigServletWebServerApplicationContext : Closing org.springframework.boot.web.servlet.context.AnnotationConfigServletWebServerApplicationContext@1061491: startup date [Wed Mar 07 18:28:38 IST 2018]; root of context hierarchy
2018-03-07 18:36:42.407  INFO 21060 --- [Thread-3] o.s.j.e.a.AnnotationMBeanExporter        : Unregistering JMX-exposed beans on shutdown
2018-03-07 18:37:00.878 ERROR 16252 --- [main] o.s.b.c.l.LoggingApplicationListener     : Cannot set level: ALL for 'org.springframework'
2018-03-07 18:37:01.064  INFO 16252 --- [main] ConfigServletWebServerApplicationContext : Refreshing org.springframework.boot.web.servlet.context.AnnotationConfigServletWebServerApplicationContext@1d98cbb: startup date [Wed Mar 07 18:37:01 IST 2018]; root of context hierarchy
2018-03-07 18:37:01.993  INFO 16252 --- [main] o.s.b.w.embedded.tomcat.TomcatWebServer  : Tomcat initialized with port(s): 8080 (http)
2018-03-07 18:37:02.117  INFO 16252 --- [main] o.apache.catalina.core.StandardService   : Starting service [Tomcat]
2018-03-07 18:37:02.118  INFO 16252 --- [main] org.apache.catalina.core.StandardEngine  : Starting Servlet Engine: Apache Tomcat/8.5.28
2018-03-07 18:37:02.128  INFO 16252 --- [localhost-startStop-1] o.a.catalina.core.AprLifecycleListener   : The APR based Apache Tomcat Native library which allows optimal performance in production environments was not found on the java.library.path: [C:\Program Files\Java\jdk1.8.0_112\bin;C:\Windows\Sun\Java\bin;C:\Windows\system32;C:\Windows;C:\Users\trainee\AppData\Roaming\npm;C:\Program Files\nodejs\;C:\ProgramData\Oracle\Java\javapath;C:\Program Files\ImageMagick-7.0.3-Q8;C:\Program Files\ImageMagick-7.0.3-Q16;D:\app\admin\product\11.1.0\client_1\bin;C:\Windows\system32;C:\Windows;C:\Windows\System32\Wbem;C:\Windows\System32\WindowsPowerShell\v1.0\;C:\Program Files\TortoiseSVN\bin;C:\Tesserct-OCR;C:\Program Files\Java\jdk1.8.0_112\bin;D:\apache-maven-3.5.0\bin;C:\Program Files\nodejs\;C:\ProgramData\Oracle\Java\javapath;C:\Program Files\ImageMagick-7.0.3-Q8;C:\Program Files\ImageMagick-7.0.3-Q16;D:\app\admin\product\11.1.0\client_1\bin;C:\Windows\system32;C:\Windows;C:\Windows\System32\Wbem;C:\Windows\System32\WindowsPowerShell\v1.0\;C:\Program Files\TortoiseSVN\bin;C:\Tesserct-OCR;C:\Program Files\Java\jdk1.8.0_112\bin;D:\apache-maven-3.5.0\bin;C:\Program Files\nodejs\;C:\Users\trainee\AppData\Local\Programs\Git\cmd;.]
2018-03-07 18:37:02.224  INFO 16252 --- [localhost-startStop-1] o.a.c.c.C.[Tomcat].[localhost].[/]       : Initializing Spring embedded WebApplicationContext
2018-03-07 18:37:02.224  INFO 16252 --- [localhost-startStop-1] o.s.web.context.ContextLoader            : Root WebApplicationContext: initialization completed in 1161 ms
2018-03-07 18:37:02.345  INFO 16252 --- [localhost-startStop-1] o.s.b.w.servlet.ServletRegistrationBean  : Servlet dispatcherServlet mapped to [/]
2018-03-07 18:37:02.348  INFO 16252 --- [localhost-startStop-1] o.s.b.w.servlet.FilterRegistrationBean   : Mapping filter: 'characterEncodingFilter' to: [/*]
2018-03-07 18:37:02.349  INFO 16252 --- [localhost-startStop-1] o.s.b.w.servlet.FilterRegistrationBean   : Mapping filter: 'hiddenHttpMethodFilter' to: [/*]
2018-03-07 18:37:02.349  INFO 16252 --- [localhost-startStop-1] o.s.b.w.servlet.FilterRegistrationBean   : Mapping filter: 'httpPutFormContentFilter' to: [/*]
2018-03-07 18:37:02.350  INFO 16252 --- [localhost-startStop-1] o.s.b.w.servlet.FilterRegistrationBean   : Mapping filter: 'requestContextFilter' to: [/*]
2018-03-07 18:37:02.386  WARN 16252 --- [main] ConfigServletWebServerApplicationContext : Exception encountered during context initialization - cancelling refresh attempt: org.springframework.beans.factory.BeanCreationException: Error creating bean with name 'indexController' defined in file [D:\akshaya\logback\target\classes\com\kgisl\logback\IndexController.class]: Instantiation of bean failed; nested exception is org.springframework.beans.BeanInstantiationException: Failed to instantiate [com.kgisl.logback.IndexController]: Constructor threw exception; nested exception is java.lang.Error: Unresolved compilation problems: 
	Logger cannot be resolved to a type
	LoggerFactory cannot be resolved
	Logger cannot be resolved to a type
	Logger cannot be resolved to a type
	Logger cannot be resolved to a type
	Logger cannot be resolved to a type

2018-03-07 18:37:02.390  INFO 16252 --- [main] o.apache.catalina.core.StandardService   : Stopping service [Tomcat]
2018-03-07 18:37:02.401  INFO 16252 --- [main] ConditionEvaluationReportLoggingListener : 

Error starting ApplicationContext. To display the conditions report re-run your application with 'debug' enabled.
2018-03-07 18:37:02.407 ERROR 16252 --- [main] o.s.boot.SpringApplication               : Application run failed

org.springframework.beans.factory.BeanCreationException: Error creating bean with name 'indexController' defined in file [D:\akshaya\logback\target\classes\com\kgisl\logback\IndexController.class]: Instantiation of bean failed; nested exception is org.springframework.beans.BeanInstantiationException: Failed to instantiate [com.kgisl.logback.IndexController]: Constructor threw exception; nested exception is java.lang.Error: Unresolved compilation problems: 
	Logger cannot be resolved to a type
	LoggerFactory cannot be resolved
	Logger cannot be resolved to a type
	Logger cannot be resolved to a type
	Logger cannot be resolved to a type
	Logger cannot be resolved to a type

	at org.springframework.beans.factory.support.AbstractAutowireCapableBeanFactory.instantiateBean(AbstractAutowireCapableBeanFactory.java:1232) ~[spring-beans-5.0.4.RELEASE.jar:5.0.4.RELEASE]
	at org.springframework.beans.factory.support.AbstractAutowireCapableBeanFactory.createBeanInstance(AbstractAutowireCapableBeanFactory.java:1131) ~[spring-beans-5.0.4.RELEASE.jar:5.0.4.RELEASE]
	at org.springframework.beans.factory.support.AbstractAutowireCapableBeanFactory.doCreateBean(AbstractAutowireCapableBeanFactory.java:545) ~[spring-beans-5.0.4.RELEASE.jar:5.0.4.RELEASE]
	at org.springframework.beans.factory.support.AbstractAutowireCapableBeanFactory.createBean(AbstractAutowireCapableBeanFactory.java:502) ~[spring-beans-5.0.4.RELEASE.jar:5.0.4.RELEASE]
	at org.springframework.beans.factory.support.AbstractBeanFactory.lambda$doGetBean$0(AbstractBeanFactory.java:312) ~[spring-beans-5.0.4.RELEASE.jar:5.0.4.RELEASE]
	at org.springframework.beans.factory.support.DefaultSingletonBeanRegistry.getSingleton(DefaultSingletonBeanRegistry.java:228) ~[spring-beans-5.0.4.RELEASE.jar:5.0.4.RELEASE]
	at org.springframework.beans.factory.support.AbstractBeanFactory.doGetBean(AbstractBeanFactory.java:310) ~[spring-beans-5.0.4.RELEASE.jar:5.0.4.RELEASE]
	at org.springframework.beans.factory.support.AbstractBeanFactory.getBean(AbstractBeanFactory.java:200) ~[spring-beans-5.0.4.RELEASE.jar:5.0.4.RELEASE]
	at org.springframework.beans.factory.support.DefaultListableBeanFactory.preInstantiateSingletons(DefaultListableBeanFactory.java:760) ~[spring-beans-5.0.4.RELEASE.jar:5.0.4.RELEASE]
	at org.springframework.context.support.AbstractApplicationContext.finishBeanFactoryInitialization(AbstractApplicationContext.java:868) ~[spring-context-5.0.4.RELEASE.jar:5.0.4.RELEASE]
	at org.springframework.context.support.AbstractApplicationContext.refresh(AbstractApplicationContext.java:549) ~[spring-context-5.0.4.RELEASE.jar:5.0.4.RELEASE]
	at org.springframework.boot.web.servlet.context.ServletWebServerApplicationContext.refresh(ServletWebServerApplicationContext.java:140) ~[spring-boot-2.0.0.RELEASE.jar:2.0.0.RELEASE]
	at org.springframework.boot.SpringApplication.refresh(SpringApplication.java:752) [spring-boot-2.0.0.RELEASE.jar:2.0.0.RELEASE]
	at org.springframework.boot.SpringApplication.refreshContext(SpringApplication.java:388) [spring-boot-2.0.0.RELEASE.jar:2.0.0.RELEASE]
	at org.springframework.boot.SpringApplication.run(SpringApplication.java:327) [spring-boot-2.0.0.RELEASE.jar:2.0.0.RELEASE]
	at org.springframework.boot.SpringApplication.run(SpringApplication.java:1246) [spring-boot-2.0.0.RELEASE.jar:2.0.0.RELEASE]
	at org.springframework.boot.SpringApplication.run(SpringApplication.java:1234) [spring-boot-2.0.0.RELEASE.jar:2.0.0.RELEASE]
	at com.kgisl.logback.LogbackApplication.main(LogbackApplication.java:10) [classes/:na]
	at sun.reflect.NativeMethodAccessorImpl.invoke0(Native Method) ~[na:1.8.0_112]
	at sun.reflect.NativeMethodAccessorImpl.invoke(NativeMethodAccessorImpl.java:62) ~[na:1.8.0_112]
	at sun.reflect.DelegatingMethodAccessorImpl.invoke(DelegatingMethodAccessorImpl.java:43) ~[na:1.8.0_112]
	at java.lang.reflect.Method.invoke(Method.java:498) ~[na:1.8.0_112]
	at org.springframework.boot.maven.AbstractRunMojo$LaunchRunner.run(AbstractRunMojo.java:496) [spring-boot-maven-plugin-2.0.0.RELEASE.jar:2.0.0.RELEASE]
	at java.lang.Thread.run(Thread.java:745) [na:1.8.0_112]
Caused by: org.springframework.beans.BeanInstantiationException: Failed to instantiate [com.kgisl.logback.IndexController]: Constructor threw exception; nested exception is java.lang.Error: Unresolved compilation problems: 
	Logger cannot be resolved to a type
	LoggerFactory cannot be resolved
	Logger cannot be resolved to a type
	Logger cannot be resolved to a type
	Logger cannot be resolved to a type
	Logger cannot be resolved to a type

	at org.springframework.beans.BeanUtils.instantiateClass(BeanUtils.java:182) ~[spring-beans-5.0.4.RELEASE.jar:5.0.4.RELEASE]
	at org.springframework.beans.factory.support.SimpleInstantiationStrategy.instantiate(SimpleInstantiationStrategy.java:87) ~[spring-beans-5.0.4.RELEASE.jar:5.0.4.RELEASE]
	at org.springframework.beans.factory.support.AbstractAutowireCapableBeanFactory.instantiateBean(AbstractAutowireCapableBeanFactory.java:1224) ~[spring-beans-5.0.4.RELEASE.jar:5.0.4.RELEASE]
	... 23 common frames omitted
Caused by: java.lang.Error: Unresolved compilation problems: 
	Logger cannot be resolved to a type
	LoggerFactory cannot be resolved
	Logger cannot be resolved to a type
	Logger cannot be resolved to a type
	Logger cannot be resolved to a type
	Logger cannot be resolved to a type

	at com.kgisl.logback.IndexController.<init>(IndexController.java:10) ~[classes/:na]
	at sun.reflect.NativeConstructorAccessorImpl.newInstance0(Native Method) ~[na:1.8.0_112]
	at sun.reflect.NativeConstructorAccessorImpl.newInstance(NativeConstructorAccessorImpl.java:62) ~[na:1.8.0_112]
	at sun.reflect.DelegatingConstructorAccessorImpl.newInstance(DelegatingConstructorAccessorImpl.java:45) ~[na:1.8.0_112]
	at java.lang.reflect.Constructor.newInstance(Constructor.java:423) ~[na:1.8.0_112]
	at org.springframework.beans.BeanUtils.instantiateClass(BeanUtils.java:170) ~[spring-beans-5.0.4.RELEASE.jar:5.0.4.RELEASE]
	... 25 common frames omitted

2018-03-07 18:37:26.248 ERROR 14164 --- [main] o.s.b.c.l.LoggingApplicationListener     : Cannot set level: ALL for 'org.springframework'
2018-03-07 18:37:26.433  INFO 14164 --- [main] ConfigServletWebServerApplicationContext : Refreshing org.springframework.boot.web.servlet.context.AnnotationConfigServletWebServerApplicationContext@1efa78f: startup date [Wed Mar 07 18:37:26 IST 2018]; root of context hierarchy
2018-03-07 18:37:27.368  INFO 14164 --- [main] o.s.b.w.embedded.tomcat.TomcatWebServer  : Tomcat initialized with port(s): 8080 (http)
2018-03-07 18:37:27.390  INFO 14164 --- [main] o.apache.catalina.core.StandardService   : Starting service [Tomcat]
2018-03-07 18:37:27.390  INFO 14164 --- [main] org.apache.catalina.core.StandardEngine  : Starting Servlet Engine: Apache Tomcat/8.5.28
2018-03-07 18:37:27.400  INFO 14164 --- [localhost-startStop-1] o.a.catalina.core.AprLifecycleListener   : The APR based Apache Tomcat Native library which allows optimal performance in production environments was not found on the java.library.path: [C:\Program Files\Java\jdk1.8.0_112\bin;C:\Windows\Sun\Java\bin;C:\Windows\system32;C:\Windows;C:\Users\trainee\AppData\Roaming\npm;C:\Program Files\nodejs\;C:\ProgramData\Oracle\Java\javapath;C:\Program Files\ImageMagick-7.0.3-Q8;C:\Program Files\ImageMagick-7.0.3-Q16;D:\app\admin\product\11.1.0\client_1\bin;C:\Windows\system32;C:\Windows;C:\Windows\System32\Wbem;C:\Windows\System32\WindowsPowerShell\v1.0\;C:\Program Files\TortoiseSVN\bin;C:\Tesserct-OCR;C:\Program Files\Java\jdk1.8.0_112\bin;D:\apache-maven-3.5.0\bin;C:\Program Files\nodejs\;C:\ProgramData\Oracle\Java\javapath;C:\Program Files\ImageMagick-7.0.3-Q8;C:\Program Files\ImageMagick-7.0.3-Q16;D:\app\admin\product\11.1.0\client_1\bin;C:\Windows\system32;C:\Windows;C:\Windows\System32\Wbem;C:\Windows\System32\WindowsPowerShell\v1.0\;C:\Program Files\TortoiseSVN\bin;C:\Tesserct-OCR;C:\Program Files\Java\jdk1.8.0_112\bin;D:\apache-maven-3.5.0\bin;C:\Program Files\nodejs\;C:\Users\trainee\AppData\Local\Programs\Git\cmd;.]
2018-03-07 18:37:27.490  INFO 14164 --- [localhost-startStop-1] o.a.c.c.C.[Tomcat].[localhost].[/]       : Initializing Spring embedded WebApplicationContext
2018-03-07 18:37:27.491  INFO 14164 --- [localhost-startStop-1] o.s.web.context.ContextLoader            : Root WebApplicationContext: initialization completed in 1058 ms
2018-03-07 18:37:27.689  INFO 14164 --- [localhost-startStop-1] o.s.b.w.servlet.ServletRegistrationBean  : Servlet dispatcherServlet mapped to [/]
2018-03-07 18:37:27.692  INFO 14164 --- [localhost-startStop-1] o.s.b.w.servlet.FilterRegistrationBean   : Mapping filter: 'characterEncodingFilter' to: [/*]
2018-03-07 18:37:27.693  INFO 14164 --- [localhost-startStop-1] o.s.b.w.servlet.FilterRegistrationBean   : Mapping filter: 'hiddenHttpMethodFilter' to: [/*]
2018-03-07 18:37:27.693  INFO 14164 --- [localhost-startStop-1] o.s.b.w.servlet.FilterRegistrationBean   : Mapping filter: 'httpPutFormContentFilter' to: [/*]
2018-03-07 18:37:27.694  INFO 14164 --- [localhost-startStop-1] o.s.b.w.servlet.FilterRegistrationBean   : Mapping filter: 'requestContextFilter' to: [/*]
2018-03-07 18:37:27.958  INFO 14164 --- [main] s.w.s.m.m.a.RequestMappingHandlerAdapter : Looking for @ControllerAdvice: org.springframework.boot.web.servlet.context.AnnotationConfigServletWebServerApplicationContext@1efa78f: startup date [Wed Mar 07 18:37:26 IST 2018]; root of context hierarchy
2018-03-07 18:37:28.034  INFO 14164 --- [main] s.w.s.m.m.a.RequestMappingHandlerMapping : Mapped "{[/]}" onto java.lang.String com.kgisl.logback.IndexController.index()
2018-03-07 18:37:28.039  INFO 14164 --- [main] s.w.s.m.m.a.RequestMappingHandlerMapping : Mapped "{[/error]}" onto public org.springframework.http.ResponseEntity<java.util.Map<java.lang.String, java.lang.Object>> org.springframework.boot.autoconfigure.web.servlet.error.BasicErrorController.error(javax.servlet.http.HttpServletRequest)
2018-03-07 18:37:28.040  INFO 14164 --- [main] s.w.s.m.m.a.RequestMappingHandlerMapping : Mapped "{[/error],produces=[text/html]}" onto public org.springframework.web.servlet.ModelAndView org.springframework.boot.autoconfigure.web.servlet.error.BasicErrorController.errorHtml(javax.servlet.http.HttpServletRequest,javax.servlet.http.HttpServletResponse)
2018-03-07 18:37:28.069  INFO 14164 --- [main] o.s.w.s.handler.SimpleUrlHandlerMapping  : Mapped URL path [/webjars/**] onto handler of type [class org.springframework.web.servlet.resource.ResourceHttpRequestHandler]
2018-03-07 18:37:28.069  INFO 14164 --- [main] o.s.w.s.handler.SimpleUrlHandlerMapping  : Mapped URL path [/**] onto handler of type [class org.springframework.web.servlet.resource.ResourceHttpRequestHandler]
2018-03-07 18:37:28.108  INFO 14164 --- [main] o.s.w.s.handler.SimpleUrlHandlerMapping  : Mapped URL path [/**/favicon.ico] onto handler of type [class org.springframework.web.servlet.resource.ResourceHttpRequestHandler]
2018-03-07 18:37:28.241  INFO 14164 --- [main] o.s.j.e.a.AnnotationMBeanExporter        : Registering beans for JMX exposure on startup
2018-03-07 18:37:28.275  INFO 14164 --- [main] o.s.b.w.embedded.tomcat.TomcatWebServer  : Tomcat started on port(s): 8080 (http) with context path ''
2018-03-07 18:37:43.116  INFO 14164 --- [http-nio-8080-exec-1] o.a.c.c.C.[Tomcat].[localhost].[/]       : Initializing Spring FrameworkServlet 'dispatcherServlet'
2018-03-07 18:37:43.116  INFO 14164 --- [http-nio-8080-exec-1] o.s.web.servlet.DispatcherServlet        : FrameworkServlet 'dispatcherServlet': initialization started
2018-03-07 18:37:43.131  INFO 14164 --- [http-nio-8080-exec-1] o.s.web.servlet.DispatcherServlet        : FrameworkServlet 'dispatcherServlet': initialization completed in 15 ms
2018-03-07 18:37:43.156 ERROR 14164 --- [http-nio-8080-exec-1] com.kgisl.logback.IndexController        : This is an error message
2018-03-07 18:37:43.157 ERROR 14164 --- [http-nio-8080-exec-1] com.kgisl.logback.SpringLoggingHelper    : This is an error message
2018-03-07 18:42:49.690  INFO 14164 --- [Thread-3] ConfigServletWebServerApplicationContext : Closing org.springframework.boot.web.servlet.context.AnnotationConfigServletWebServerApplicationContext@1efa78f: startup date [Wed Mar 07 18:37:26 IST 2018]; root of context hierarchy
2018-03-07 18:42:49.693  INFO 14164 --- [Thread-3] o.s.j.e.a.AnnotationMBeanExporter        : Unregistering JMX-exposed beans on shutdown
